{"contracts/DEX.sol":{"l":{"27":2,"28":1,"29":1,"30":1,"39":19,"40":19,"42":19,"43":19,"45":19,"46":18,"49":1,"55":19,"56":17,"58":17,"68":5,"70":3,"71":3,"73":3,"74":3,"76":3,"78":3,"79":3,"81":3,"91":10,"92":8,"94":7,"95":7,"97":7,"98":7,"100":7,"104":5,"105":5,"106":5,"108":5,"110":5,"111":5,"113":5,"118":17,"119":17,"120":17,"124":3,"125":3,"126":3},"path":"/app/contracts/DEX.sol","s":{"1":2,"2":1,"3":19,"4":19,"5":19,"6":19,"7":19,"8":19,"9":17,"10":17,"11":5,"12":3,"13":3,"14":3,"15":3,"16":3,"17":3,"18":10,"19":8,"20":7,"21":7,"22":7,"23":7,"24":7,"25":5,"26":5,"27":5,"28":5,"29":5,"30":5,"31":17,"32":3},"b":{"1":[1,1],"2":[1,0],"3":[19,0],"4":[18,1],"5":[17,2],"6":[5,0],"7":[3,2],"8":[10,0],"9":[8,2],"10":[7,1],"11":[6,1],"12":[6,1],"13":[5,0]},"f":{"1":2,"2":19,"3":5,"4":10,"5":17,"6":3},"fnMap":{"1":{"name":"constructor","line":26,"loc":{"start":{"line":26,"column":4},"end":{"line":31,"column":4}}},"2":{"name":"addLiquidity","line":38,"loc":{"start":{"line":38,"column":4},"end":{"line":59,"column":4}}},"3":{"name":"removeLiquidity","line":67,"loc":{"start":{"line":67,"column":4},"end":{"line":82,"column":4}}},"4":{"name":"swap","line":90,"loc":{"start":{"line":90,"column":4},"end":{"line":114,"column":4}}},"5":{"name":"_mint","line":117,"loc":{"start":{"line":117,"column":4},"end":{"line":121,"column":4}}},"6":{"name":"_burn","line":123,"loc":{"start":{"line":123,"column":4},"end":{"line":127,"column":4}}}},"statementMap":{"1":{"start":{"line":27,"column":8},"end":{"line":27,"column":62}},"2":{"start":{"line":28,"column":8},"end":{"line":28,"column":62}},"3":{"start":{"line":39,"column":8},"end":{"line":39,"column":66}},"4":{"start":{"line":40,"column":8},"end":{"line":40,"column":66}},"5":{"start":{"line":42,"column":8},"end":{"line":42,"column":58}},"6":{"start":{"line":43,"column":8},"end":{"line":43,"column":58}},"7":{"start":{"line":45,"column":8},"end":{"line":45,"column":1944}},"8":{"start":{"line":55,"column":8},"end":{"line":55,"column":48}},"9":{"start":{"line":56,"column":8},"end":{"line":56,"column":32}},"10":{"start":{"line":58,"column":8},"end":{"line":58,"column":65}},"11":{"start":{"line":68,"column":8},"end":{"line":68,"column":71}},"12":{"start":{"line":70,"column":8},"end":{"line":70,"column":58}},"13":{"start":{"line":71,"column":8},"end":{"line":71,"column":58}},"14":{"start":{"line":76,"column":8},"end":{"line":76,"column":32}},"15":{"start":{"line":78,"column":8},"end":{"line":78,"column":47}},"16":{"start":{"line":79,"column":8},"end":{"line":79,"column":47}},"17":{"start":{"line":81,"column":8},"end":{"line":81,"column":67}},"18":{"start":{"line":91,"column":8},"end":{"line":91,"column":50}},"19":{"start":{"line":92,"column":8},"end":{"line":92,"column":89}},"20":{"start":{"line":94,"column":8},"end":{"line":94,"column":50}},"21":{"start":{"line":95,"column":8},"end":{"line":95,"column":106}},"22":{"start":{"line":97,"column":8},"end":{"line":97,"column":68}},"23":{"start":{"line":98,"column":8},"end":{"line":98,"column":70}},"24":{"start":{"line":100,"column":8},"end":{"line":100,"column":76}},"25":{"start":{"line":104,"column":8},"end":{"line":104,"column":48}},"26":{"start":{"line":105,"column":8},"end":{"line":105,"column":56}},"27":{"start":{"line":106,"column":8},"end":{"line":106,"column":66}},"28":{"start":{"line":110,"column":8},"end":{"line":110,"column":59}},"29":{"start":{"line":111,"column":8},"end":{"line":111,"column":59}},"30":{"start":{"line":113,"column":8},"end":{"line":113,"column":103}},"31":{"start":{"line":120,"column":8},"end":{"line":120,"column":32}},"32":{"start":{"line":126,"column":8},"end":{"line":126,"column":34}}},"branchMap":{"1":{"line":27,"type":"if","locations":[{"start":{"line":27,"column":8},"end":{"line":27,"column":8}},{"start":{"line":27,"column":8},"end":{"line":27,"column":8}}]},"2":{"line":28,"type":"if","locations":[{"start":{"line":28,"column":8},"end":{"line":28,"column":8}},{"start":{"line":28,"column":8},"end":{"line":28,"column":8}}]},"3":{"line":38,"type":"if","locations":[{"start":{"line":38,"column":69},"end":{"line":38,"column":69}},{"start":{"line":38,"column":69},"end":{"line":38,"column":69}}]},"4":{"line":45,"type":"if","locations":[{"start":{"line":45,"column":8},"end":{"line":45,"column":8}},{"start":{"line":45,"column":8},"end":{"line":45,"column":8}}]},"5":{"line":55,"type":"if","locations":[{"start":{"line":55,"column":8},"end":{"line":55,"column":8}},{"start":{"line":55,"column":8},"end":{"line":55,"column":8}}]},"6":{"line":67,"type":"if","locations":[{"start":{"line":67,"column":54},"end":{"line":67,"column":54}},{"start":{"line":67,"column":54},"end":{"line":67,"column":54}}]},"7":{"line":68,"type":"if","locations":[{"start":{"line":68,"column":8},"end":{"line":68,"column":8}},{"start":{"line":68,"column":8},"end":{"line":68,"column":8}}]},"8":{"line":90,"type":"if","locations":[{"start":{"line":90,"column":62},"end":{"line":90,"column":62}},{"start":{"line":90,"column":62},"end":{"line":90,"column":62}}]},"9":{"line":91,"type":"if","locations":[{"start":{"line":91,"column":8},"end":{"line":91,"column":8}},{"start":{"line":91,"column":8},"end":{"line":91,"column":8}}]},"10":{"line":92,"type":"if","locations":[{"start":{"line":92,"column":8},"end":{"line":92,"column":8}},{"start":{"line":92,"column":8},"end":{"line":92,"column":8}}]},"11":{"line":92,"type":"cond-expr","locations":[{"start":{"line":92,"column":16},"end":{"line":92,"column":41}},{"start":{"line":92,"column":46},"end":{"line":92,"column":71}}]},"12":{"line":95,"type":"if","locations":[{"start":{"line":95,"column":71},"end":{"line":95,"column":86}},{"start":{"line":95,"column":90},"end":{"line":95,"column":105}}]},"13":{"line":110,"type":"if","locations":[{"start":{"line":110,"column":8},"end":{"line":110,"column":8}},{"start":{"line":110,"column":8},"end":{"line":110,"column":8}}]}}},"contracts/MockERC20.sol":{"l":{"8":2,"12":4},"path":"/app/contracts/MockERC20.sol","s":{"1":2,"2":4},"b":{},"f":{"1":2,"2":4},"fnMap":{"1":{"name":"constructor","line":7,"loc":{"start":{"line":7,"column":4},"end":{"line":9,"column":4}}},"2":{"name":"mint","line":11,"loc":{"start":{"line":11,"column":4},"end":{"line":13,"column":4}}}},"statementMap":{"1":{"start":{"line":8,"column":8},"end":{"line":8,"column":52}},"2":{"start":{"line":12,"column":8},"end":{"line":12,"column":24}}},"branchMap":{}}}